Build started 12.06.2014 10:56:37.
     1>Project "C:\cocos2d-x-2.2\projects\ForestKeeper22\proj.win32\ForestKeeper22.vcxproj" on node 2 (build target(s)).
     1>InitializeBuildStatus:
         Touching "Debug.win32\ForestKeeper22.unsuccessfulbuild".
       ClCompile:
         C:\Program Files\Microsoft Visual Studio 10.0\VC\bin\CL.exe /c /I"C:\cocos2d-x-2.2\projects\ForestKeeper22\proj.win32\..\..\..\cocos2dx" /I"C:\cocos2d-x-2.2\projects\ForestKeeper22\proj.win32\..\..\..\cocos2dx\include" /I"C:\cocos2d-x-2.2\projects\ForestKeeper22\proj.win32\..\..\..\cocos2dx\kazmath\include" /I"C:\cocos2d-x-2.2\projects\ForestKeeper22\proj.win32\..\..\..\cocos2dx\platform\win32" /I"C:\cocos2d-x-2.2\projects\ForestKeeper22\proj.win32\..\..\..\cocos2dx\platform\third_party\win32" /I"C:\cocos2d-x-2.2\projects\ForestKeeper22\proj.win32\..\..\..\cocos2dx\platform\third_party\win32\OGLES" /I"C:\cocos2d-x-2.2\projects\ForestKeeper22\proj.win32\..\..\..\external" /I"C:\cocos2d-x-2.2\projects\ForestKeeper22\proj.win32\..\..\..\external\chipmunk\include\chipmunk" /I"C:\cocos2d-x-2.2\projects\ForestKeeper22\proj.win32\..\..\..\CocosDenshion\include" /I"C:\cocos2d-x-2.2\projects\ForestKeeper22\proj.win32\..\..\..\extensions" /I..\Classes /I.. /ZI /nologo /W3 /WX- /Od /Oy- /D WIN32 /D _DEBUG /D _WINDOWS /D _USE_MATH_DEFINES /D GL_GLEXT_PROTOTYPES /D CC_ENABLE_CHIPMUNK_INTEGRATION=1 /D COCOS2D_DEBUG=1 /D _CRT_SECURE_NO_WARNINGS /D _SCL_SECURE_NO_WARNINGS /D _UNICODE /D UNICODE /Gm /EHsc /RTC1 /MDd /GS /fp:precise /Zc:wchar_t /Zc:forScope /Fo"Debug.win32\\" /Fd"Debug.win32\vc100.pdb" /Gd /TP /wd4267 /wd4251 /wd4244 /analyze- /errorReport:prompt ..\Classes\AppDelegate.cpp
         AppDelegate.cpp
       ManifestResourceCompile:
         All outputs are up-to-date.
       PreLinkEvent:
         if not exist "C:\cocos2d-x-2.2\projects\ForestKeeper22\proj.win32\Debug.win32\" mkdir "C:\cocos2d-x-2.2\projects\ForestKeeper22\proj.win32\Debug.win32\"
         xcopy /Y /Q "C:\cocos2d-x-2.2\projects\ForestKeeper22\proj.win32\..\..\..\external\libwebsockets\win32\lib\*.*" "C:\cocos2d-x-2.2\projects\ForestKeeper22\proj.win32\Debug.win32\"
         :VCEnd
         Скопировано файлов: 2.
       Link:
         C:\Program Files\Microsoft Visual Studio 10.0\VC\bin\link.exe /ERRORREPORT:PROMPT /OUT:"C:\cocos2d-x-2.2\projects\ForestKeeper22\proj.win32\Debug.win32\ForestKeeper22.exe" /INCREMENTAL /NOLOGO /LIBPATH:"C:\cocos2d-x-2.2\projects\ForestKeeper22\proj.win32\Debug.win32\\" libExtensions.lib libcocos2d.lib libCocosDenshion.lib opengl32.lib glew32.lib libBox2d.lib libchipmunk.lib libcurl_imp.lib pthreadVCE2.lib websockets.lib kernel32.lib user32.lib gdi32.lib winspool.lib comdlg32.lib advapi32.lib shell32.lib ole32.lib oleaut32.lib uuid.lib odbc32.lib odbccp32.lib /MANIFEST /ManifestFile:"Debug.win32\ForestKeeper22.exe.intermediate.manifest" /MANIFESTUAC:"level='asInvoker' uiAccess='false'" /DEBUG /PDB:"C:\cocos2d-x-2.2\projects\ForestKeeper22\proj.win32\Debug.win32\ForestKeeper22.pdb" /SUBSYSTEM:WINDOWS /TLBID:1 /DYNAMICBASE /NXCOMPAT /IMPLIB:"C:\cocos2d-x-2.2\projects\ForestKeeper22\proj.win32\Debug.win32\ForestKeeper22.lib" /MACHINE:X86 Debug.win32\ForestKeeper22.exe.embed.manifest.res
         Debug.win32\AppDelegate.obj
         Debug.win32\HelloWorldScene.obj
         Debug.win32\main.obj
         "C:\cocos2d-x-2.2\projects\ForestKeeper22\proj.win32\Debug.win32\libcocos2d.lib"
         "C:\cocos2d-x-2.2\projects\ForestKeeper22\proj.win32\Debug.win32\libCocosDenshion.lib"
         "C:\cocos2d-x-2.2\projects\ForestKeeper22\proj.win32\Debug.win32\libExtensions.lib"
         "C:\cocos2d-x-2.2\projects\ForestKeeper22\proj.win32\Debug.win32\libBox2D.lib"
         "C:\cocos2d-x-2.2\projects\ForestKeeper22\proj.win32\Debug.win32\libchipmunk.lib"
       Manifest:
         C:\Program Files\Microsoft SDKs\Windows\v7.0A\bin\mt.exe /nologo /verbose /out:"Debug.win32\ForestKeeper22.exe.embed.manifest" /manifest Debug.win32\ForestKeeper22.exe.intermediate.manifest
         All outputs are up-to-date.
       LinkEmbedManifest:
         All outputs are up-to-date.
         ForestKeeper22.vcxproj -> C:\cocos2d-x-2.2\projects\ForestKeeper22\proj.win32\Debug.win32\ForestKeeper22.exe
       FinalizeBuildStatus:
         Deleting file "Debug.win32\ForestKeeper22.unsuccessfulbuild".
         Touching "Debug.win32\ForestKeeper22.lastbuildstate".
     1>Done Building Project "C:\cocos2d-x-2.2\projects\ForestKeeper22\proj.win32\ForestKeeper22.vcxproj" (build target(s)).

Build succeeded.

Time Elapsed 00:00:02.60
